<?xml version="1.0" encoding="UTF-8"?>
<!-- Generated by org.testng.reporters.JUnitXMLReporter -->
<testsuite hostname="kalsures" ignored="3" name="Test" tests="1" failures="0" timestamp="2021-02-08T16:11:17 IST" time="93.558" errors="0">
  <testcase name="testcase4" time="88.474" classname="Framework.Artifact.Demo"/>
  <testcase name="testcase1" time="0.0" classname="Framework.Artifact.Demo">
    <ignored/>
  </testcase> <!-- testcase1 -->
  <testcase name="testcase2" time="0.0" classname="Framework.Artifact.Demo">
    <ignored/>
  </testcase> <!-- testcase2 -->
  <testcase name="testcase3" time="0.0" classname="Framework.Artifact.Demo">
    <ignored/>
  </testcase> <!-- testcase3 -->
</testsuite> <!-- Test -->
