<?xml version="1.0" encoding="UTF-8"?>
<testng-results skipped="0" failed="0" ignored="3" total="4" passed="1">
  <reporter-output>
  </reporter-output>
  <suite name="Suite" duration-ms="93558" started-at="2021-02-08T16:09:43 IST" finished-at="2021-02-08T16:11:17 IST">
    <groups>
    </groups>
    <test name="Test" duration-ms="93558" started-at="2021-02-08T16:09:43 IST" finished-at="2021-02-08T16:11:17 IST">
      <class name="Framework.Artifact.Demo">
        <test-method status="PASS" signature="bt()[pri:0, instance:Framework.Artifact.Demo@74a10858]" name="bt" is-config="true" duration-ms="5050" started-at="2021-02-08T16:09:43 IST" finished-at="2021-02-08T16:09:48 IST">
          <reporter-output>
          </reporter-output>
        </test-method> <!-- bt -->
        <test-method status="PASS" signature="testcase4()[pri:0, instance:Framework.Artifact.Demo@74a10858]" name="testcase4" duration-ms="88474" started-at="2021-02-08T16:09:48 IST" finished-at="2021-02-08T16:11:17 IST">
          <reporter-output>
          </reporter-output>
        </test-method> <!-- testcase4 -->
      </class> <!-- Framework.Artifact.Demo -->
    </test> <!-- Test -->
  </suite> <!-- Suite -->
</testng-results>
